{"/Users/gac/Desktop/react-native-challenge/src/App.js": {"path":"/Users/gac/Desktop/react-native-challenge/src/App.js","statementMap":{"0":{"start":{"line":9,"column":16},"end":{"line":9,"column":32}},"1":{"start":{"line":11,"column":12},"end":{"line":19,"column":1}},"2":{"start":{"line":12,"column":2},"end":{"line":18,"column":13}}},"fnMap":{"0":{"name":"(anonymous_0)","decl":{"start":{"line":11,"column":12},"end":{"line":11,"column":13}},"loc":{"start":{"line":12,"column":2},"end":{"line":18,"column":13}},"line":12}},"branchMap":{},"s":{"0":1,"1":1,"2":1},"f":{"0":1},"b":{},"_coverageSchema":"43e27e138ebf9cfc5966b082cf9a028302ed4184","hash":"a1630f1da9a62b77817446f676a58bbc8f450658"}
,"/Users/gac/Desktop/react-native-challenge/src/store.js": {"path":"/Users/gac/Desktop/react-native-challenge/src/store.js","statementMap":{"0":{"start":{"line":6,"column":25},"end":{"line":6,"column":32}},"1":{"start":{"line":9,"column":22},"end":{"line":9,"column":61}},"2":{"start":{"line":10,"column":16},"end":{"line":14,"column":3}},"3":{"start":{"line":16,"column":2},"end":{"line":16,"column":17}}},"fnMap":{"0":{"name":"(anonymous_0)","decl":{"start":{"line":8,"column":15},"end":{"line":8,"column":16}},"loc":{"start":{"line":8,"column":31},"end":{"line":17,"column":1}},"line":8}},"branchMap":{},"s":{"0":1,"1":1,"2":1,"3":1},"f":{"0":1},"b":{},"_coverageSchema":"43e27e138ebf9cfc5966b082cf9a028302ed4184","hash":"41ae33ff9e6f7bced6d5460b0d26d57c0b42a602"}
,"/Users/gac/Desktop/react-native-challenge/src/actions/nodes.js": {"path":"/Users/gac/Desktop/react-native-challenge/src/actions/nodes.js","statementMap":{"0":{"start":{"line":3,"column":29},"end":{"line":8,"column":1}},"1":{"start":{"line":4,"column":2},"end":{"line":7,"column":4}},"2":{"start":{"line":10,"column":31},"end":{"line":16,"column":1}},"3":{"start":{"line":11,"column":2},"end":{"line":15,"column":4}},"4":{"start":{"line":18,"column":31},"end":{"line":23,"column":1}},"5":{"start":{"line":19,"column":2},"end":{"line":22,"column":4}},"6":{"start":{"line":26,"column":2},"end":{"line":40,"column":4}},"7":{"start":{"line":27,"column":4},"end":{"line":39,"column":5}},"8":{"start":{"line":28,"column":6},"end":{"line":28,"column":43}},"9":{"start":{"line":29,"column":18},"end":{"line":29,"column":58}},"10":{"start":{"line":31,"column":6},"end":{"line":33,"column":7}},"11":{"start":{"line":32,"column":8},"end":{"line":32,"column":47}},"12":{"start":{"line":35,"column":19},"end":{"line":35,"column":35}},"13":{"start":{"line":36,"column":6},"end":{"line":36,"column":51}},"14":{"start":{"line":38,"column":6},"end":{"line":38,"column":45}},"15":{"start":{"line":44,"column":2},"end":{"line":48,"column":4}},"16":{"start":{"line":45,"column":4},"end":{"line":47,"column":7}},"17":{"start":{"line":46,"column":6},"end":{"line":46,"column":38}},"18":{"start":{"line":51,"column":23},"end":{"line":56,"column":1}},"19":{"start":{"line":52,"column":2},"end":{"line":55,"column":4}},"20":{"start":{"line":58,"column":25},"end":{"line":64,"column":1}},"21":{"start":{"line":59,"column":2},"end":{"line":63,"column":4}},"22":{"start":{"line":66,"column":25},"end":{"line":71,"column":1}},"23":{"start":{"line":67,"column":2},"end":{"line":70,"column":4}},"24":{"start":{"line":74,"column":2},"end":{"line":89,"column":4}},"25":{"start":{"line":75,"column":4},"end":{"line":88,"column":5}},"26":{"start":{"line":76,"column":6},"end":{"line":76,"column":37}},"27":{"start":{"line":77,"column":18},"end":{"line":77,"column":58}},"28":{"start":{"line":79,"column":6},"end":{"line":81,"column":7}},"29":{"start":{"line":80,"column":8},"end":{"line":80,"column":41}},"30":{"start":{"line":83,"column":19},"end":{"line":83,"column":35}},"31":{"start":{"line":84,"column":6},"end":{"line":84,"column":36}},"32":{"start":{"line":85,"column":6},"end":{"line":85,"column":45}},"33":{"start":{"line":87,"column":6},"end":{"line":87,"column":39}}},"fnMap":{"0":{"name":"(anonymous_0)","decl":{"start":{"line":3,"column":29},"end":{"line":3,"column":30}},"loc":{"start":{"line":3,"column":37},"end":{"line":8,"column":1}},"line":3},"1":{"name":"(anonymous_1)","decl":{"start":{"line":10,"column":31},"end":{"line":10,"column":32}},"loc":{"start":{"line":10,"column":46},"end":{"line":16,"column":1}},"line":10},"2":{"name":"(anonymous_2)","decl":{"start":{"line":18,"column":31},"end":{"line":18,"column":32}},"loc":{"start":{"line":18,"column":39},"end":{"line":23,"column":1}},"line":18},"3":{"name":"checkNodeStatus","decl":{"start":{"line":25,"column":16},"end":{"line":25,"column":31}},"loc":{"start":{"line":25,"column":38},"end":{"line":41,"column":1}},"line":25},"4":{"name":"(anonymous_4)","decl":{"start":{"line":26,"column":9},"end":{"line":26,"column":10}},"loc":{"start":{"line":26,"column":27},"end":{"line":40,"column":3}},"line":26},"5":{"name":"checkNodeStatuses","decl":{"start":{"line":43,"column":16},"end":{"line":43,"column":33}},"loc":{"start":{"line":43,"column":40},"end":{"line":49,"column":1}},"line":43},"6":{"name":"(anonymous_6)","decl":{"start":{"line":44,"column":9},"end":{"line":44,"column":10}},"loc":{"start":{"line":44,"column":21},"end":{"line":48,"column":3}},"line":44},"7":{"name":"(anonymous_7)","decl":{"start":{"line":45,"column":17},"end":{"line":45,"column":18}},"loc":{"start":{"line":45,"column":25},"end":{"line":47,"column":5}},"line":45},"8":{"name":"(anonymous_8)","decl":{"start":{"line":51,"column":23},"end":{"line":51,"column":24}},"loc":{"start":{"line":51,"column":31},"end":{"line":56,"column":1}},"line":51},"9":{"name":"(anonymous_9)","decl":{"start":{"line":58,"column":25},"end":{"line":58,"column":26}},"loc":{"start":{"line":58,"column":40},"end":{"line":64,"column":1}},"line":58},"10":{"name":"(anonymous_10)","decl":{"start":{"line":66,"column":25},"end":{"line":66,"column":26}},"loc":{"start":{"line":66,"column":33},"end":{"line":71,"column":1}},"line":66},"11":{"name":"getBlocks","decl":{"start":{"line":73,"column":16},"end":{"line":73,"column":25}},"loc":{"start":{"line":73,"column":32},"end":{"line":90,"column":1}},"line":73},"12":{"name":"(anonymous_12)","decl":{"start":{"line":74,"column":9},"end":{"line":74,"column":10}},"loc":{"start":{"line":74,"column":27},"end":{"line":89,"column":3}},"line":74}},"branchMap":{"0":{"loc":{"start":{"line":31,"column":6},"end":{"line":33,"column":7}},"type":"if","locations":[{"start":{"line":31,"column":6},"end":{"line":33,"column":7}},{"start":{"line":31,"column":6},"end":{"line":33,"column":7}}],"line":31},"1":{"loc":{"start":{"line":79,"column":6},"end":{"line":81,"column":7}},"type":"if","locations":[{"start":{"line":79,"column":6},"end":{"line":81,"column":7}},{"start":{"line":79,"column":6},"end":{"line":81,"column":7}}],"line":79}},"s":{"0":3,"1":7,"2":3,"3":0,"4":3,"5":7,"6":8,"7":7,"8":7,"9":7,"10":0,"11":0,"12":0,"13":0,"14":7,"15":2,"16":2,"17":6,"18":3,"19":0,"20":3,"21":0,"22":3,"23":0,"24":0,"25":0,"26":0,"27":0,"28":0,"29":0,"30":0,"31":0,"32":0,"33":0},"f":{"0":7,"1":0,"2":7,"3":8,"4":7,"5":2,"6":2,"7":6,"8":0,"9":0,"10":0,"11":0,"12":0},"b":{"0":[0,0],"1":[0,0]},"_coverageSchema":"43e27e138ebf9cfc5966b082cf9a028302ed4184","hash":"2827a4e19e2170473b0cddff75bd63d7480e03b7"}
,"/Users/gac/Desktop/react-native-challenge/src/components/Block.js": {"path":"/Users/gac/Desktop/react-native-challenge/src/components/Block.js","statementMap":{"0":{"start":{"line":8,"column":13},"end":{"line":8,"column":14}},"1":{"start":{"line":10,"column":14},"end":{"line":17,"column":1}},"2":{"start":{"line":11,"column":4},"end":{"line":16,"column":5}},"3":{"start":{"line":19,"column":0},"end":{"line":25,"column":4}},"4":{"start":{"line":27,"column":15},"end":{"line":46,"column":4}}},"fnMap":{"0":{"name":"(anonymous_0)","decl":{"start":{"line":10,"column":14},"end":{"line":10,"column":15}},"loc":{"start":{"line":10,"column":24},"end":{"line":17,"column":1}},"line":10}},"branchMap":{},"s":{"0":2,"1":2,"2":0,"3":2,"4":2},"f":{"0":0},"b":{},"_coverageSchema":"43e27e138ebf9cfc5966b082cf9a028302ed4184","hash":"b2293cfedacce3f72135ed3ab13d945f5f6f82c9"}
,"/Users/gac/Desktop/react-native-challenge/src/components/Expander.js": {"path":"/Users/gac/Desktop/react-native-challenge/src/components/Expander.js","statementMap":{"0":{"start":{"line":4,"column":24},"end":{"line":13,"column":1}},"1":{"start":{"line":5,"column":2},"end":{"line":12,"column":4}}},"fnMap":{"0":{"name":"(anonymous_0)","decl":{"start":{"line":4,"column":24},"end":{"line":4,"column":25}},"loc":{"start":{"line":4,"column":49},"end":{"line":13,"column":1}},"line":4}},"branchMap":{"0":{"loc":{"start":{"line":8,"column":12},"end":{"line":8,"column":66}},"type":"cond-expr","locations":[{"start":{"line":8,"column":23},"end":{"line":8,"column":42}},{"start":{"line":8,"column":45},"end":{"line":8,"column":66}}],"line":8}},"s":{"0":2,"1":10},"f":{"0":10},"b":{"0":[0,10]},"_coverageSchema":"43e27e138ebf9cfc5966b082cf9a028302ed4184","hash":"10ab2e990db6ba60705a544ec42ea5d23e9a86d3"}
,"/Users/gac/Desktop/react-native-challenge/src/components/Node.js": {"path":"/Users/gac/Desktop/react-native-challenge/src/components/Node.js","statementMap":{"0":{"start":{"line":10,"column":13},"end":{"line":33,"column":1}},"1":{"start":{"line":11,"column":2},"end":{"line":32,"column":21}},"2":{"start":{"line":11,"column":35},"end":{"line":11,"column":59}},"3":{"start":{"line":28,"column":28},"end":{"line":28,"column":57}},"4":{"start":{"line":35,"column":0},"end":{"line":44,"column":2}},"5":{"start":{"line":46,"column":15},"end":{"line":76,"column":2}},"6":{"start":{"line":71,"column":21},"end":{"line":75,"column":3}}},"fnMap":{"0":{"name":"(anonymous_0)","decl":{"start":{"line":10,"column":13},"end":{"line":10,"column":14}},"loc":{"start":{"line":11,"column":2},"end":{"line":32,"column":21}},"line":11},"1":{"name":"(anonymous_1)","decl":{"start":{"line":11,"column":29},"end":{"line":11,"column":30}},"loc":{"start":{"line":11,"column":35},"end":{"line":11,"column":59}},"line":11},"2":{"name":"(anonymous_2)","decl":{"start":{"line":28,"column":22},"end":{"line":28,"column":23}},"loc":{"start":{"line":28,"column":28},"end":{"line":28,"column":57}},"line":28},"3":{"name":"(anonymous_3)","decl":{"start":{"line":71,"column":8},"end":{"line":71,"column":9}},"loc":{"start":{"line":71,"column":21},"end":{"line":75,"column":3}},"line":71}},"branchMap":{"0":{"loc":{"start":{"line":16,"column":16},"end":{"line":16,"column":38}},"type":"binary-expr","locations":[{"start":{"line":16,"column":16},"end":{"line":16,"column":25}},{"start":{"line":16,"column":29},"end":{"line":16,"column":38}}],"line":16},"1":{"loc":{"start":{"line":27,"column":7},"end":{"line":28,"column":58}},"type":"binary-expr","locations":[{"start":{"line":27,"column":7},"end":{"line":27,"column":15}},{"start":{"line":27,"column":19},"end":{"line":27,"column":32}},{"start":{"line":27,"column":36},"end":{"line":27,"column":47}},{"start":{"line":28,"column":8},"end":{"line":28,"column":58}}],"line":27},"2":{"loc":{"start":{"line":29,"column":7},"end":{"line":29,"column":56}},"type":"binary-expr","locations":[{"start":{"line":29,"column":7},"end":{"line":29,"column":15}},{"start":{"line":29,"column":19},"end":{"line":29,"column":31}},{"start":{"line":29,"column":35},"end":{"line":29,"column":56}}],"line":29},"3":{"loc":{"start":{"line":30,"column":7},"end":{"line":30,"column":80}},"type":"binary-expr","locations":[{"start":{"line":30,"column":7},"end":{"line":30,"column":15}},{"start":{"line":30,"column":19},"end":{"line":30,"column":29}},{"start":{"line":30,"column":33},"end":{"line":30,"column":80}}],"line":30},"4":{"loc":{"start":{"line":73,"column":9},"end":{"line":73,"column":27}},"type":"cond-expr","locations":[{"start":{"line":73,"column":20},"end":{"line":73,"column":22}},{"start":{"line":73,"column":25},"end":{"line":73,"column":27}}],"line":73}},"s":{"0":2,"1":10,"2":0,"3":0,"4":2,"5":2,"6":10},"f":{"0":10,"1":0,"2":0,"3":10},"b":{"0":[10,0],"1":[10,0,0,0],"2":[10,0,0],"3":[10,0,0],"4":[0,10]},"_coverageSchema":"43e27e138ebf9cfc5966b082cf9a028302ed4184","hash":"ebb27fc1e981e20d8bfdb28cb081fb7747d3f06a"}
,"/Users/gac/Desktop/react-native-challenge/src/components/Status.js": {"path":"/Users/gac/Desktop/react-native-challenge/src/components/Status.js","statementMap":{"0":{"start":{"line":9,"column":16},"end":{"line":13,"column":19}},"1":{"start":{"line":14,"column":2},"end":{"line":23,"column":4}},"2":{"start":{"line":26,"column":15},"end":{"line":38,"column":2}},"3":{"start":{"line":27,"column":24},"end":{"line":32,"column":3}},"4":{"start":{"line":40,"column":0},"end":{"line":43,"column":2}}},"fnMap":{"0":{"name":"Status","decl":{"start":{"line":8,"column":9},"end":{"line":8,"column":15}},"loc":{"start":{"line":8,"column":37},"end":{"line":24,"column":1}},"line":8},"1":{"name":"(anonymous_1)","decl":{"start":{"line":27,"column":13},"end":{"line":27,"column":14}},"loc":{"start":{"line":27,"column":24},"end":{"line":32,"column":3}},"line":27}},"branchMap":{"0":{"loc":{"start":{"line":9,"column":16},"end":{"line":13,"column":19}},"type":"cond-expr","locations":[{"start":{"line":10,"column":6},"end":{"line":10,"column":20}},{"start":{"line":11,"column":6},"end":{"line":13,"column":19}}],"line":9},"1":{"loc":{"start":{"line":11,"column":6},"end":{"line":13,"column":19}},"type":"cond-expr","locations":[{"start":{"line":12,"column":6},"end":{"line":12,"column":20}},{"start":{"line":13,"column":6},"end":{"line":13,"column":19}}],"line":11},"2":{"loc":{"start":{"line":19,"column":14},"end":{"line":19,"column":65}},"type":"cond-expr","locations":[{"start":{"line":19,"column":24},"end":{"line":19,"column":33}},{"start":{"line":19,"column":36},"end":{"line":19,"column":65}}],"line":19},"3":{"loc":{"start":{"line":19,"column":36},"end":{"line":19,"column":65}},"type":"cond-expr","locations":[{"start":{"line":19,"column":45},"end":{"line":19,"column":53}},{"start":{"line":19,"column":56},"end":{"line":19,"column":65}}],"line":19},"4":{"loc":{"start":{"line":28,"column":11},"end":{"line":28,"column":46}},"type":"cond-expr","locations":[{"start":{"line":28,"column":20},"end":{"line":28,"column":31}},{"start":{"line":28,"column":34},"end":{"line":28,"column":46}}],"line":28}},"s":{"0":10,"1":10,"2":2,"3":10,"4":2},"f":{"0":10,"1":10},"b":{"0":[0,10],"1":[0,10],"2":[0,10],"3":[0,10],"4":[0,10]},"_coverageSchema":"43e27e138ebf9cfc5966b082cf9a028302ed4184","hash":"d5cec10a81005d27f813d82299218107c747b29d"}
,"/Users/gac/Desktop/react-native-challenge/src/constants/actionTypes.js": {"path":"/Users/gac/Desktop/react-native-challenge/src/constants/actionTypes.js","statementMap":{"0":{"start":{"line":1,"column":26},"end":{"line":1,"column":38}},"1":{"start":{"line":2,"column":28},"end":{"line":2,"column":42}},"2":{"start":{"line":3,"column":27},"end":{"line":3,"column":40}},"3":{"start":{"line":5,"column":39},"end":{"line":5,"column":64}},"4":{"start":{"line":6,"column":41},"end":{"line":6,"column":68}},"5":{"start":{"line":7,"column":41},"end":{"line":7,"column":68}},"6":{"start":{"line":9,"column":32},"end":{"line":9,"column":50}},"7":{"start":{"line":10,"column":34},"end":{"line":10,"column":54}},"8":{"start":{"line":11,"column":34},"end":{"line":11,"column":54}},"9":{"start":{"line":13,"column":44},"end":{"line":13,"column":74}},"10":{"start":{"line":14,"column":32},"end":{"line":14,"column":50}}},"fnMap":{},"branchMap":{},"s":{"0":4,"1":4,"2":4,"3":4,"4":4,"5":4,"6":4,"7":4,"8":4,"9":4,"10":4},"f":{},"b":{},"_coverageSchema":"43e27e138ebf9cfc5966b082cf9a028302ed4184","hash":"de27deafaf9b2273788a11939b352dad2c0523a6"}
,"/Users/gac/Desktop/react-native-challenge/src/constants/colors.js": {"path":"/Users/gac/Desktop/react-native-challenge/src/constants/colors.js","statementMap":{},"fnMap":{},"branchMap":{},"s":{},"f":{},"b":{},"_coverageSchema":"43e27e138ebf9cfc5966b082cf9a028302ed4184","hash":"bc92f392b40af38dbe3843c3eafca26761f92125"}
,"/Users/gac/Desktop/react-native-challenge/src/navigation/index.js": {"path":"/Users/gac/Desktop/react-native-challenge/src/navigation/index.js","statementMap":{"0":{"start":{"line":4,"column":14},"end":{"line":4,"column":36}},"1":{"start":{"line":7,"column":2},"end":{"line":13,"column":4}}},"fnMap":{"0":{"name":"RootStack","decl":{"start":{"line":6,"column":24},"end":{"line":6,"column":33}},"loc":{"start":{"line":6,"column":36},"end":{"line":14,"column":1}},"line":6}},"branchMap":{},"s":{"0":1,"1":1},"f":{"0":1},"b":{},"_coverageSchema":"43e27e138ebf9cfc5966b082cf9a028302ed4184","hash":"1134224ab82296035ac77f72002b6fc846de9b1c"}
,"/Users/gac/Desktop/react-native-challenge/src/reducers/index.js": {"path":"/Users/gac/Desktop/react-native-challenge/src/reducers/index.js","statementMap":{"0":{"start":{"line":4,"column":20},"end":{"line":6,"column":2}}},"fnMap":{},"branchMap":{},"s":{"0":1},"f":{},"b":{},"_coverageSchema":"43e27e138ebf9cfc5966b082cf9a028302ed4184","hash":"bf925f23c6be735681bb5c9583ab0ae745afaf75"}
,"/Users/gac/Desktop/react-native-challenge/src/reducers/initialState.js": {"path":"/Users/gac/Desktop/react-native-challenge/src/reducers/initialState.js","statementMap":{"0":{"start":{"line":1,"column":22},"end":{"line":30,"column":1}}},"fnMap":{"0":{"name":"(anonymous_0)","decl":{"start":{"line":1,"column":15},"end":{"line":1,"column":16}},"loc":{"start":{"line":1,"column":22},"end":{"line":30,"column":1}},"line":1}},"branchMap":{},"s":{"0":5},"f":{"0":5},"b":{},"_coverageSchema":"43e27e138ebf9cfc5966b082cf9a028302ed4184","hash":"10ad436e04ee66c936941bb24e4d0c52375eb655"}
,"/Users/gac/Desktop/react-native-challenge/src/reducers/nodes.js": {"path":"/Users/gac/Desktop/react-native-challenge/src/reducers/nodes.js","statementMap":{"0":{"start":{"line":13,"column":2},"end":{"line":126,"column":3}},"1":{"start":{"line":15,"column":6},"end":{"line":15,"column":24}},"2":{"start":{"line":16,"column":6},"end":{"line":16,"column":71}},"3":{"start":{"line":16,"column":44},"end":{"line":16,"column":69}},"4":{"start":{"line":17,"column":6},"end":{"line":26,"column":7}},"5":{"start":{"line":18,"column":8},"end":{"line":25,"column":10}},"6":{"start":{"line":27,"column":6},"end":{"line":30,"column":8}},"7":{"start":{"line":32,"column":6},"end":{"line":32,"column":24}},"8":{"start":{"line":33,"column":6},"end":{"line":33,"column":71}},"9":{"start":{"line":33,"column":44},"end":{"line":33,"column":69}},"10":{"start":{"line":34,"column":6},"end":{"line":45,"column":7}},"11":{"start":{"line":35,"column":8},"end":{"line":44,"column":10}},"12":{"start":{"line":46,"column":6},"end":{"line":49,"column":8}},"13":{"start":{"line":51,"column":6},"end":{"line":51,"column":24}},"14":{"start":{"line":52,"column":6},"end":{"line":52,"column":71}},"15":{"start":{"line":52,"column":44},"end":{"line":52,"column":69}},"16":{"start":{"line":53,"column":6},"end":{"line":63,"column":7}},"17":{"start":{"line":54,"column":8},"end":{"line":62,"column":10}},"18":{"start":{"line":64,"column":6},"end":{"line":67,"column":8}},"19":{"start":{"line":69,"column":6},"end":{"line":69,"column":24}},"20":{"start":{"line":70,"column":6},"end":{"line":70,"column":71}},"21":{"start":{"line":70,"column":44},"end":{"line":70,"column":69}},"22":{"start":{"line":71,"column":6},"end":{"line":80,"column":7}},"23":{"start":{"line":72,"column":8},"end":{"line":79,"column":10}},"24":{"start":{"line":81,"column":6},"end":{"line":84,"column":8}},"25":{"start":{"line":86,"column":8},"end":{"line":86,"column":26}},"26":{"start":{"line":87,"column":8},"end":{"line":87,"column":73}},"27":{"start":{"line":87,"column":46},"end":{"line":87,"column":71}},"28":{"start":{"line":88,"column":8},"end":{"line":100,"column":9}},"29":{"start":{"line":89,"column":10},"end":{"line":99,"column":12}},"30":{"start":{"line":101,"column":8},"end":{"line":104,"column":10}},"31":{"start":{"line":106,"column":10},"end":{"line":106,"column":28}},"32":{"start":{"line":107,"column":10},"end":{"line":107,"column":75}},"33":{"start":{"line":107,"column":48},"end":{"line":107,"column":73}},"34":{"start":{"line":108,"column":10},"end":{"line":119,"column":11}},"35":{"start":{"line":109,"column":12},"end":{"line":118,"column":14}},"36":{"start":{"line":120,"column":10},"end":{"line":123,"column":12}},"37":{"start":{"line":125,"column":6},"end":{"line":125,"column":19}}},"fnMap":{"0":{"name":"nodesReducer","decl":{"start":{"line":11,"column":24},"end":{"line":11,"column":36}},"loc":{"start":{"line":11,"column":75},"end":{"line":127,"column":1}},"line":11},"1":{"name":"(anonymous_1)","decl":{"start":{"line":16,"column":39},"end":{"line":16,"column":40}},"loc":{"start":{"line":16,"column":44},"end":{"line":16,"column":69}},"line":16},"2":{"name":"(anonymous_2)","decl":{"start":{"line":33,"column":39},"end":{"line":33,"column":40}},"loc":{"start":{"line":33,"column":44},"end":{"line":33,"column":69}},"line":33},"3":{"name":"(anonymous_3)","decl":{"start":{"line":52,"column":39},"end":{"line":52,"column":40}},"loc":{"start":{"line":52,"column":44},"end":{"line":52,"column":69}},"line":52},"4":{"name":"(anonymous_4)","decl":{"start":{"line":70,"column":39},"end":{"line":70,"column":40}},"loc":{"start":{"line":70,"column":44},"end":{"line":70,"column":69}},"line":70},"5":{"name":"(anonymous_5)","decl":{"start":{"line":87,"column":41},"end":{"line":87,"column":42}},"loc":{"start":{"line":87,"column":46},"end":{"line":87,"column":71}},"line":87},"6":{"name":"(anonymous_6)","decl":{"start":{"line":107,"column":43},"end":{"line":107,"column":44}},"loc":{"start":{"line":107,"column":48},"end":{"line":107,"column":73}},"line":107}},"branchMap":{"0":{"loc":{"start":{"line":11,"column":37},"end":{"line":11,"column":65}},"type":"default-arg","locations":[{"start":{"line":11,"column":45},"end":{"line":11,"column":65}}],"line":11},"1":{"loc":{"start":{"line":13,"column":2},"end":{"line":126,"column":3}},"type":"switch","locations":[{"start":{"line":14,"column":4},"end":{"line":30,"column":8}},{"start":{"line":31,"column":4},"end":{"line":49,"column":8}},{"start":{"line":50,"column":4},"end":{"line":67,"column":8}},{"start":{"line":68,"column":4},"end":{"line":84,"column":8}},{"start":{"line":85,"column":6},"end":{"line":104,"column":10}},{"start":{"line":105,"column":8},"end":{"line":123,"column":12}},{"start":{"line":124,"column":4},"end":{"line":125,"column":19}}],"line":13},"2":{"loc":{"start":{"line":17,"column":6},"end":{"line":26,"column":7}},"type":"if","locations":[{"start":{"line":17,"column":6},"end":{"line":26,"column":7}},{"start":{"line":17,"column":6},"end":{"line":26,"column":7}}],"line":17},"3":{"loc":{"start":{"line":34,"column":6},"end":{"line":45,"column":7}},"type":"if","locations":[{"start":{"line":34,"column":6},"end":{"line":45,"column":7}},{"start":{"line":34,"column":6},"end":{"line":45,"column":7}}],"line":34},"4":{"loc":{"start":{"line":53,"column":6},"end":{"line":63,"column":7}},"type":"if","locations":[{"start":{"line":53,"column":6},"end":{"line":63,"column":7}},{"start":{"line":53,"column":6},"end":{"line":63,"column":7}}],"line":53},"5":{"loc":{"start":{"line":71,"column":6},"end":{"line":80,"column":7}},"type":"if","locations":[{"start":{"line":71,"column":6},"end":{"line":80,"column":7}},{"start":{"line":71,"column":6},"end":{"line":80,"column":7}}],"line":71},"6":{"loc":{"start":{"line":88,"column":8},"end":{"line":100,"column":9}},"type":"if","locations":[{"start":{"line":88,"column":8},"end":{"line":100,"column":9}},{"start":{"line":88,"column":8},"end":{"line":100,"column":9}}],"line":88},"7":{"loc":{"start":{"line":108,"column":10},"end":{"line":119,"column":11}},"type":"if","locations":[{"start":{"line":108,"column":10},"end":{"line":119,"column":11}},{"start":{"line":108,"column":10},"end":{"line":119,"column":11}}],"line":108}},"s":{"0":18,"1":5,"2":5,"3":11,"4":5,"5":5,"6":5,"7":1,"8":1,"9":1,"10":1,"11":1,"12":1,"13":5,"14":5,"15":11,"16":5,"17":5,"18":5,"19":1,"20":1,"21":1,"22":1,"23":1,"24":1,"25":1,"26":1,"27":1,"28":1,"29":1,"30":1,"31":1,"32":1,"33":1,"34":1,"35":1,"36":1,"37":4},"f":{"0":18,"1":11,"2":1,"3":11,"4":1,"5":1,"6":1},"b":{"0":[4],"1":[5,1,5,1,1,1,4],"2":[5,0],"3":[1,0],"4":[5,0],"5":[1,0],"6":[1,0],"7":[1,0]},"_coverageSchema":"43e27e138ebf9cfc5966b082cf9a028302ed4184","hash":"32b9e0c9abaa6dbaf6e32b8f02a0086821f23de4"}
,"/Users/gac/Desktop/react-native-challenge/src/screens/Nodes.js": {"path":"/Users/gac/Desktop/react-native-challenge/src/screens/Nodes.js","statementMap":{"0":{"start":{"line":12,"column":4},"end":{"line":12,"column":17}},"1":{"start":{"line":13,"column":4},"end":{"line":15,"column":6}},"2":{"start":{"line":16,"column":4},"end":{"line":16,"column":65}},"3":{"start":{"line":20,"column":4},"end":{"line":20,"column":64}},"4":{"start":{"line":24,"column":4},"end":{"line":24,"column":39}},"5":{"start":{"line":25,"column":4},"end":{"line":27,"column":7}},"6":{"start":{"line":31,"column":22},"end":{"line":31,"column":32}},"7":{"start":{"line":32,"column":4},"end":{"line":48,"column":6}},"8":{"start":{"line":39,"column":12},"end":{"line":44,"column":14}},"9":{"start":{"line":52,"column":0},"end":{"line":55,"column":2}},"10":{"start":{"line":56,"column":15},"end":{"line":58,"column":2}},"11":{"start":{"line":61,"column":2},"end":{"line":63,"column":4}},"12":{"start":{"line":67,"column":2},"end":{"line":69,"column":4}}},"fnMap":{"0":{"name":"(anonymous_0)","decl":{"start":{"line":11,"column":2},"end":{"line":11,"column":3}},"loc":{"start":{"line":11,"column":21},"end":{"line":17,"column":3}},"line":11},"1":{"name":"(anonymous_1)","decl":{"start":{"line":19,"column":2},"end":{"line":19,"column":3}},"loc":{"start":{"line":19,"column":22},"end":{"line":21,"column":3}},"line":19},"2":{"name":"(anonymous_2)","decl":{"start":{"line":23,"column":2},"end":{"line":23,"column":3}},"loc":{"start":{"line":23,"column":27},"end":{"line":28,"column":3}},"line":23},"3":{"name":"(anonymous_3)","decl":{"start":{"line":30,"column":2},"end":{"line":30,"column":3}},"loc":{"start":{"line":30,"column":11},"end":{"line":49,"column":3}},"line":30},"4":{"name":"(anonymous_4)","decl":{"start":{"line":38,"column":26},"end":{"line":38,"column":27}},"loc":{"start":{"line":39,"column":12},"end":{"line":44,"column":14}},"line":39},"5":{"name":"mapStateToProps","decl":{"start":{"line":60,"column":9},"end":{"line":60,"column":24}},"loc":{"start":{"line":60,"column":32},"end":{"line":64,"column":1}},"line":60},"6":{"name":"mapDispatchToProps","decl":{"start":{"line":66,"column":9},"end":{"line":66,"column":27}},"loc":{"start":{"line":66,"column":38},"end":{"line":70,"column":1}},"line":66}},"branchMap":{"0":{"loc":{"start":{"line":26,"column":23},"end":{"line":26,"column":80}},"type":"cond-expr","locations":[{"start":{"line":26,"column":65},"end":{"line":26,"column":69}},{"start":{"line":26,"column":72},"end":{"line":26,"column":80}}],"line":26}},"s":{"0":2,"1":2,"2":2,"3":2,"4":0,"5":0,"6":3,"7":3,"8":10,"9":2,"10":2,"11":3,"12":2},"f":{"0":2,"1":2,"2":0,"3":3,"4":10,"5":3,"6":2},"b":{"0":[0,0]},"_coverageSchema":"43e27e138ebf9cfc5966b082cf9a028302ed4184","hash":"2f9c3c7c6e11bef5682269a06a00d17ccc9a7701"}
,"/Users/gac/Desktop/react-native-challenge/src/utils/utils.js": {"path":"/Users/gac/Desktop/react-native-challenge/src/utils/utils.js","statementMap":{"0":{"start":{"line":1,"column":14},"end":{"line":7,"column":1}},"1":{"start":{"line":3,"column":8},"end":{"line":3,"column":29}},"2":{"start":{"line":4,"column":8},"end":{"line":4,"column":50}},"3":{"start":{"line":4,"column":34},"end":{"line":4,"column":50}},"4":{"start":{"line":5,"column":8},"end":{"line":5,"column":19}}},"fnMap":{"0":{"name":"(anonymous_0)","decl":{"start":{"line":2,"column":4},"end":{"line":2,"column":5}},"loc":{"start":{"line":2,"column":19},"end":{"line":6,"column":5}},"line":2}},"branchMap":{},"s":{"0":3,"1":1,"2":1,"3":1,"4":1},"f":{"0":1},"b":{},"_coverageSchema":"43e27e138ebf9cfc5966b082cf9a028302ed4184","hash":"3d1a5c7a49f9ffc3794602b2f89b923c800a12fa"}
}
