TN:
SF:/Users/gac/Desktop/react-native-challenge/src/App.js
FN:11,(anonymous_0)
FNF:1
FNH:1
FNDA:1,(anonymous_0)
DA:9,1
DA:11,1
DA:12,1
LF:3
LH:3
BRF:0
BRH:0
end_of_record
TN:
SF:/Users/gac/Desktop/react-native-challenge/src/store.js
FN:8,(anonymous_0)
FNF:1
FNH:1
FNDA:1,(anonymous_0)
DA:6,1
DA:9,1
DA:10,1
DA:16,1
LF:4
LH:4
BRF:0
BRH:0
end_of_record
TN:
SF:/Users/gac/Desktop/react-native-challenge/src/actions/nodes.js
FN:3,(anonymous_0)
FN:10,(anonymous_1)
FN:18,(anonymous_2)
FN:25,checkNodeStatus
FN:26,(anonymous_4)
FN:43,checkNodeStatuses
FN:44,(anonymous_6)
FN:45,(anonymous_7)
FN:51,(anonymous_8)
FN:58,(anonymous_9)
FN:66,(anonymous_10)
FN:73,getBlocks
FN:74,(anonymous_12)
FNF:13
FNH:7
FNDA:7,(anonymous_0)
FNDA:0,(anonymous_1)
FNDA:7,(anonymous_2)
FNDA:8,checkNodeStatus
FNDA:7,(anonymous_4)
FNDA:2,checkNodeStatuses
FNDA:2,(anonymous_6)
FNDA:6,(anonymous_7)
FNDA:0,(anonymous_8)
FNDA:0,(anonymous_9)
FNDA:0,(anonymous_10)
FNDA:0,getBlocks
FNDA:0,(anonymous_12)
DA:3,3
DA:4,7
DA:10,3
DA:11,0
DA:18,3
DA:19,7
DA:26,8
DA:27,7
DA:28,7
DA:29,7
DA:31,0
DA:32,0
DA:35,0
DA:36,0
DA:38,7
DA:44,2
DA:45,2
DA:46,6
DA:51,3
DA:52,0
DA:58,3
DA:59,0
DA:66,3
DA:67,0
DA:74,0
DA:75,0
DA:76,0
DA:77,0
DA:79,0
DA:80,0
DA:83,0
DA:84,0
DA:85,0
DA:87,0
LF:34
LH:16
BRDA:31,0,0,0
BRDA:31,0,1,0
BRDA:79,1,0,0
BRDA:79,1,1,0
BRF:4
BRH:0
end_of_record
TN:
SF:/Users/gac/Desktop/react-native-challenge/src/components/Block.js
FN:10,(anonymous_0)
FNF:1
FNH:0
FNDA:0,(anonymous_0)
DA:8,2
DA:10,2
DA:11,0
DA:19,2
DA:27,2
LF:5
LH:4
BRF:0
BRH:0
end_of_record
TN:
SF:/Users/gac/Desktop/react-native-challenge/src/components/Expander.js
FN:4,(anonymous_0)
FNF:1
FNH:1
FNDA:10,(anonymous_0)
DA:4,2
DA:5,10
LF:2
LH:2
BRDA:8,0,0,0
BRDA:8,0,1,10
BRF:2
BRH:1
end_of_record
TN:
SF:/Users/gac/Desktop/react-native-challenge/src/components/Node.js
FN:10,(anonymous_0)
FN:11,(anonymous_1)
FN:28,(anonymous_2)
FN:71,(anonymous_3)
FNF:4
FNH:2
FNDA:10,(anonymous_0)
FNDA:0,(anonymous_1)
FNDA:0,(anonymous_2)
FNDA:10,(anonymous_3)
DA:10,2
DA:11,10
DA:28,0
DA:35,2
DA:46,2
DA:71,10
LF:6
LH:5
BRDA:16,0,0,10
BRDA:16,0,1,0
BRDA:27,1,0,10
BRDA:27,1,1,0
BRDA:27,1,2,0
BRDA:27,1,3,0
BRDA:29,2,0,10
BRDA:29,2,1,0
BRDA:29,2,2,0
BRDA:30,3,0,10
BRDA:30,3,1,0
BRDA:30,3,2,0
BRDA:73,4,0,0
BRDA:73,4,1,10
BRF:14
BRH:5
end_of_record
TN:
SF:/Users/gac/Desktop/react-native-challenge/src/components/Status.js
FN:8,Status
FN:27,(anonymous_1)
FNF:2
FNH:2
FNDA:10,Status
FNDA:10,(anonymous_1)
DA:9,10
DA:14,10
DA:26,2
DA:27,10
DA:40,2
LF:5
LH:5
BRDA:9,0,0,0
BRDA:9,0,1,10
BRDA:11,1,0,0
BRDA:11,1,1,10
BRDA:19,2,0,0
BRDA:19,2,1,10
BRDA:19,3,0,0
BRDA:19,3,1,10
BRDA:28,4,0,0
BRDA:28,4,1,10
BRF:10
BRH:5
end_of_record
TN:
SF:/Users/gac/Desktop/react-native-challenge/src/constants/actionTypes.js
FNF:0
FNH:0
DA:1,4
DA:2,4
DA:3,4
DA:5,4
DA:6,4
DA:7,4
DA:9,4
DA:10,4
DA:11,4
DA:13,4
DA:14,4
LF:11
LH:11
BRF:0
BRH:0
end_of_record
TN:
SF:/Users/gac/Desktop/react-native-challenge/src/constants/colors.js
FNF:0
FNH:0
LF:0
LH:0
BRF:0
BRH:0
end_of_record
TN:
SF:/Users/gac/Desktop/react-native-challenge/src/navigation/index.js
FN:6,RootStack
FNF:1
FNH:1
FNDA:1,RootStack
DA:4,1
DA:7,1
LF:2
LH:2
BRF:0
BRH:0
end_of_record
TN:
SF:/Users/gac/Desktop/react-native-challenge/src/reducers/index.js
FNF:0
FNH:0
DA:4,1
LF:1
LH:1
BRF:0
BRH:0
end_of_record
TN:
SF:/Users/gac/Desktop/react-native-challenge/src/reducers/initialState.js
FN:1,(anonymous_0)
FNF:1
FNH:1
FNDA:5,(anonymous_0)
DA:1,5
LF:1
LH:1
BRF:0
BRH:0
end_of_record
TN:
SF:/Users/gac/Desktop/react-native-challenge/src/reducers/nodes.js
FN:11,nodesReducer
FN:16,(anonymous_1)
FN:33,(anonymous_2)
FN:52,(anonymous_3)
FN:70,(anonymous_4)
FN:87,(anonymous_5)
FN:107,(anonymous_6)
FNF:7
FNH:7
FNDA:18,nodesReducer
FNDA:11,(anonymous_1)
FNDA:1,(anonymous_2)
FNDA:11,(anonymous_3)
FNDA:1,(anonymous_4)
FNDA:1,(anonymous_5)
FNDA:1,(anonymous_6)
DA:13,18
DA:15,5
DA:16,11
DA:17,5
DA:18,5
DA:27,5
DA:32,1
DA:33,1
DA:34,1
DA:35,1
DA:46,1
DA:51,5
DA:52,11
DA:53,5
DA:54,5
DA:64,5
DA:69,1
DA:70,1
DA:71,1
DA:72,1
DA:81,1
DA:86,1
DA:87,1
DA:88,1
DA:89,1
DA:101,1
DA:106,1
DA:107,1
DA:108,1
DA:109,1
DA:120,1
DA:125,4
LF:32
LH:32
BRDA:11,0,0,4
BRDA:13,1,0,5
BRDA:13,1,1,1
BRDA:13,1,2,5
BRDA:13,1,3,1
BRDA:13,1,4,1
BRDA:13,1,5,1
BRDA:13,1,6,4
BRDA:17,2,0,5
BRDA:17,2,1,0
BRDA:34,3,0,1
BRDA:34,3,1,0
BRDA:53,4,0,5
BRDA:53,4,1,0
BRDA:71,5,0,1
BRDA:71,5,1,0
BRDA:88,6,0,1
BRDA:88,6,1,0
BRDA:108,7,0,1
BRDA:108,7,1,0
BRF:20
BRH:14
end_of_record
TN:
SF:/Users/gac/Desktop/react-native-challenge/src/screens/Nodes.js
FN:11,(anonymous_0)
FN:19,(anonymous_1)
FN:23,(anonymous_2)
FN:30,(anonymous_3)
FN:38,(anonymous_4)
FN:60,mapStateToProps
FN:66,mapDispatchToProps
FNF:7
FNH:6
FNDA:2,(anonymous_0)
FNDA:2,(anonymous_1)
FNDA:0,(anonymous_2)
FNDA:3,(anonymous_3)
FNDA:10,(anonymous_4)
FNDA:3,mapStateToProps
FNDA:2,mapDispatchToProps
DA:12,2
DA:13,2
DA:16,2
DA:20,2
DA:24,0
DA:25,0
DA:31,3
DA:32,3
DA:39,10
DA:52,2
DA:56,2
DA:61,3
DA:67,2
LF:13
LH:11
BRDA:26,0,0,0
BRDA:26,0,1,0
BRF:2
BRH:0
end_of_record
TN:
SF:/Users/gac/Desktop/react-native-challenge/src/utils/utils.js
FN:2,(anonymous_0)
FNF:1
FNH:1
FNDA:1,(anonymous_0)
DA:1,3
DA:3,1
DA:4,1
DA:5,1
LF:4
LH:4
BRF:0
BRH:0
end_of_record
